Using pre-set license
Built from '2020.3/staging' branch; Version is '2020.3.19f1 (68f137dc9bbe) revision 6877495'; Using compiler version '192528614'; Build Type 'Release'
OS: 'Windows 10 Pro; OS build 19042.1348; Version 2009; 64bit' Language: 'ko' Physical Memory: 16233 MB
BatchMode: 1, IsHumanControllingUs: 0, StartBugReporterOnCrash: 0, Is64bit: 1, IsPro: 0

COMMAND LINE ARGUMENTS:
C:\Program Files\Unity\Hub\Editor\2020.3.19f1\Editor\Unity.exe
-adb2
-batchMode
-noUpm
-name
AssetImportWorker0
-projectPath
F:/유니티 프로젝트 모음/2-2 자료구조 프로젝트/2D_Four_Weapon_Project
-logFile
Logs/AssetImportWorker0.log
-srvPort
61302
Successfully changed project path to: F:/유니티 프로젝트 모음/2-2 자료구조 프로젝트/2D_Four_Weapon_Project
F:/유니티 프로젝트 모음/2-2 자료구조 프로젝트/2D_Four_Weapon_Project
Using Asset Import Pipeline V2.
Refreshing native plugins compatible for Editor in 155.43 ms, found 3 plugins.
Preloading 0 native plugins for Editor in 0.00 ms.
Initialize engine version: 2020.3.19f1 (68f137dc9bbe)
[Subsystems] Discovering subsystems at path C:/Program Files/Unity/Hub/Editor/2020.3.19f1/Editor/Data/Resources/UnitySubsystems
[Subsystems] Discovering subsystems at path F:/유니티 프로젝트 모음/2-2 자료구조 프로젝트/2D_Four_Weapon_Project/Assets
GfxDevice: creating device client; threaded=0
Direct3D:
    Version:  Direct3D 11.0 [level 11.1]
    Renderer: NVIDIA GeForce RTX 2060 (ID=0x1f11)
    Vendor:   
    VRAM:     5980 MB
    Driver:   27.21.14.5763
Initialize mono
Mono path[0] = 'C:/Program Files/Unity/Hub/Editor/2020.3.19f1/Editor/Data/Managed'
Mono path[1] = 'C:/Program Files/Unity/Hub/Editor/2020.3.19f1/Editor/Data/MonoBleedingEdge/lib/mono/unityjit'
Mono config path = 'C:/Program Files/Unity/Hub/Editor/2020.3.19f1/Editor/Data/MonoBleedingEdge/etc'
Using monoOptions --debugger-agent=transport=dt_socket,embedding=1,server=y,suspend=n,address=127.0.0.1:56620
Begin MonoManager ReloadAssembly
Registering precompiled unity dll's ...
Register platform support module: C:/Program Files/Unity/Hub/Editor/2020.3.19f1/Editor/Data/PlaybackEngines/WindowsStandaloneSupport/UnityEditor.WindowsStandalone.Extensions.dll
Registered in 0.004373 seconds.
Native extension for WindowsStandalone target not found
Refreshing native plugins compatible for Editor in 152.46 ms, found 3 plugins.
Preloading 0 native plugins for Editor in 0.00 ms.
Mono: successfully reloaded assembly
- Completed reload, in  4.902 seconds
Domain Reload Profiling:
	ReloadAssembly (4903ms)
		BeginReloadAssembly (236ms)
			ExecutionOrderSort (0ms)
			DisableScriptedObjects (0ms)
			BackupInstance (0ms)
			ReleaseScriptingObjects (0ms)
			CreateAndSetChildDomain (3ms)
		EndReloadAssembly (1031ms)
			LoadAssemblies (227ms)
			RebuildTransferFunctionScriptingTraits (0ms)
			SetupTypeCache (258ms)
			ReleaseScriptCaches (0ms)
			RebuildScriptCaches (122ms)
			SetupLoadedEditorAssemblies (489ms)
				LogAssemblyErrors (0ms)
				InitializePlatformSupportModulesInManaged (15ms)
				SetLoadedEditorAssemblies (2ms)
				RefreshPlugins (153ms)
				BeforeProcessingInitializeOnLoad (34ms)
				ProcessInitializeOnLoadAttributes (210ms)
				ProcessInitializeOnLoadMethodAttributes (76ms)
				AfterProcessingInitializeOnLoad (0ms)
				EditorAssembliesLoaded (1ms)
			ExecutionOrderSort2 (0ms)
			AwakeInstancesAfterBackupRestoration (0ms)
Platform modules already initialized, skipping
Registering precompiled user dll's ...
Registered in 0.006290 seconds.
Begin MonoManager ReloadAssembly
Native extension for WindowsStandalone target not found
Refreshing native plugins compatible for Editor in 141.65 ms, found 3 plugins.
Preloading 0 native plugins for Editor in 0.00 ms.
Mono: successfully reloaded assembly
- Completed reload, in  3.343 seconds
Domain Reload Profiling:
	ReloadAssembly (3346ms)
		BeginReloadAssembly (373ms)
			ExecutionOrderSort (0ms)
			DisableScriptedObjects (17ms)
			BackupInstance (0ms)
			ReleaseScriptingObjects (0ms)
			CreateAndSetChildDomain (40ms)
		EndReloadAssembly (2751ms)
			LoadAssemblies (241ms)
			RebuildTransferFunctionScriptingTraits (0ms)
			SetupTypeCache (996ms)
			ReleaseScriptCaches (1ms)
			RebuildScriptCaches (109ms)
			SetupLoadedEditorAssemblies (977ms)
				LogAssemblyErrors (0ms)
				InitializePlatformSupportModulesInManaged (11ms)
				SetLoadedEditorAssemblies (1ms)
				RefreshPlugins (142ms)
				BeforeProcessingInitializeOnLoad (179ms)
				ProcessInitializeOnLoadAttributes (562ms)
				ProcessInitializeOnLoadMethodAttributes (55ms)
				AfterProcessingInitializeOnLoad (26ms)
				EditorAssembliesLoaded (1ms)
			ExecutionOrderSort2 (0ms)
			AwakeInstancesAfterBackupRestoration (34ms)
Platform modules already initialized, skipping
========================================================================
Worker process is ready to serve import requests
Launched and connected shader compiler UnityShaderCompiler.exe after 0.20 seconds
Refreshing native plugins compatible for Editor in 1.37 ms, found 3 plugins.
Preloading 0 native plugins for Editor in 0.00 ms.
Unloading 2106 Unused Serialized files (Serialized files now loaded: 0)
System memory in use before: 94.1 MB.
System memory in use after: 94.2 MB.

Unloading 28 unused Assets to reduce memory usage. Loaded Objects now: 2548.
Total: 5.123900 ms (FindLiveObjects: 0.284900 ms CreateObjectMapping: 0.118200 ms MarkObjects: 4.591900 ms  DeleteObjects: 0.127300 ms)

AssetImportParameters requested are different than current active one (requested -> active):
  custom:framework-win-MediaFoundation: 216162199b28c13a410421893ffa2e32 -> 
  custom:video-decoder-ogg-theora: a1e56fd34408186e4bbccfd4996cb3dc -> 
  custom:container-muxer-webm: aa71ff27fc2769a1b78a27578f13a17b -> 
  custom:container-demuxer-webm: 4f35f7cbe854078d1ac9338744f61a02 -> 
  custom:container-demuxer-ogg: 62fdf1f143b41e24485cea50d1cbac27 -> 
  custom:video-encoder-webm-vp8: eb34c28f22e8b96e1ab97ce403110664 -> 
  custom:video-decoder-webm-vp8: 9c59270c3fd7afecdb556c50c9e8de78 -> 
  custom:audio-decoder-ogg-vorbis: bf7c407c2cedff20999df2af8eb42d56 -> 
  custom:audio-encoder-webm-vorbis: bf7c407c2cedff20999df2af8eb42d56 -> 
========================================================================
Received Import Request.
  path: Assets/04 Sprites/Weapons/RPG_Weapons.png
  artifactKey: Guid(e64ed4c62b4b54e4ab48e58c17c94bc6) Importer(815301076,1909f56bfc062723c751e8b465ee728b)
Start importing Assets/04 Sprites/Weapons/RPG_Weapons.png using Guid(e64ed4c62b4b54e4ab48e58c17c94bc6) Importer(815301076,1909f56bfc062723c751e8b465ee728b)  -> (artifact id: '78de5a189c09e66b9335d944bbea1c14') in 0.174409 seconds 
  Import took 0.180795 seconds .

========================================================================
Received Import Request.
  Time since last request: 49.115959 seconds.
  path: Assets/04 Sprites/Weapons/RPG_Weapons.aseprite
  artifactKey: Guid(d46f503952fffe54787644ec85c40e2f) Importer(815301076,1909f56bfc062723c751e8b465ee728b)
Start importing Assets/04 Sprites/Weapons/RPG_Weapons.aseprite using Guid(d46f503952fffe54787644ec85c40e2f) Importer(815301076,1909f56bfc062723c751e8b465ee728b)  -> (artifact id: 'b72dbf8556d2c0938c42e6f94cd0a5b7') in 0.011799 seconds 
  Import took 0.017937 seconds .

========================================================================
Received Import Request.
  Time since last request: 15.493970 seconds.
  path: Assets/04 Sprites/Weapons/RPG_Weapons.png
  artifactKey: Guid(e64ed4c62b4b54e4ab48e58c17c94bc6) Importer(815301076,1909f56bfc062723c751e8b465ee728b)
Start importing Assets/04 Sprites/Weapons/RPG_Weapons.png using Guid(e64ed4c62b4b54e4ab48e58c17c94bc6) Importer(815301076,1909f56bfc062723c751e8b465ee728b)  -> (artifact id: 'c29a3453ab98457ab39b543d4184a146') in 0.025037 seconds 
  Import took 0.032269 seconds .

========================================================================
Received Import Request.
  Time since last request: 289.349603 seconds.
  path: Assets/04 Sprites/Weapons/RPG_Weapons.png
  artifactKey: Guid(e64ed4c62b4b54e4ab48e58c17c94bc6) Importer(815301076,1909f56bfc062723c751e8b465ee728b)
Start importing Assets/04 Sprites/Weapons/RPG_Weapons.png using Guid(e64ed4c62b4b54e4ab48e58c17c94bc6) Importer(815301076,1909f56bfc062723c751e8b465ee728b)  -> (artifact id: 'e8342b9010419abf2716b1fcc98ed859') in 0.690197 seconds 
  Import took 0.742578 seconds .

AssetImportWorkerClient::OnTransportError - code=2 error=End of file
